# JRE version: OpenJDK Runtime Environment Corretto-17.0.5.8.1 (17.0.5+8) (build 17.0.5+8-LTS)
# Java VM: OpenJDK 64-Bit Server VM Corretto-17.0.5.8.1 (17.0.5+8-LTS, mixed mode, sharing, tiered, compressed oops, compressed class ptrs, g1 gc, windows-amd64)
GC Precious Log:
 CPUs: 12 total, 12 available
 Memory: 15823M
 Large Page Support: Disabled
 NUMA Support: Disabled
 Compressed Oops: Enabled (32-bit)
 Heap Region Size: 1M
 Heap Min Capacity: 256M
 Heap Initial Capacity: 256M
 Heap Max Capacity: 512M
 Pre-touch: Disabled
 Parallel Workers: 10
 Concurrent Workers: 3
 Concurrent Refinement Workers: 10
 Periodic GC: Disabled
Heap:
 garbage-first heap   total 262144K, used 54613K [0x00000000e0000000, 0x0000000100000000)
  region size 1024K, 16 young (16384K), 14 survivors (14336K)
 Metaspace       used 61604K, committed 62208K, reserved 270336K
  class space    used 8538K, committed 8832K, reserved 212992K
GC Heap History (14 events):
Event: 0.669 GC heap before
{Heap before GC invocations=0 (full 0):
 garbage-first heap   total 262144K, used 28672K [0x00000000e0000000, 0x0000000100000000)
  region size 1024K, 23 young (23552K), 0 survivors (0K)
 Metaspace       used 2990K, committed 3136K, reserved 221184K
  class space    used 380K, committed 448K, reserved 212992K
}
Event: 0.673 GC heap after
{Heap after GC invocations=1 (full 0):
 garbage-first heap   total 262144K, used 9119K [0x00000000e0000000, 0x0000000100000000)
  region size 1024K, 3 young (3072K), 3 survivors (3072K)
 Metaspace       used 2990K, committed 3136K, reserved 221184K
  class space    used 380K, committed 448K, reserved 212992K
}
Event: 1.043 GC heap before
{Heap before GC invocations=1 (full 0):
 garbage-first heap   total 262144K, used 38815K [0x00000000e0000000, 0x0000000100000000)
  region size 1024K, 31 young (31744K), 3 survivors (3072K)
 Metaspace       used 3934K, committed 4096K, reserved 221184K
  class space    used 474K, committed 576K, reserved 212992K
}
Event: 1.047 GC heap after
{Heap after GC invocations=2 (full 0):
 garbage-first heap   total 262144K, used 12759K [0x00000000e0000000, 0x0000000100000000)
  region size 1024K, 4 young (4096K), 4 survivors (4096K)
 Metaspace       used 3934K, committed 4096K, reserved 221184K
  class space    used 474K, committed 576K, reserved 212992K
}
Event: 3.485 GC heap before
{Heap before GC invocations=2 (full 0):
 garbage-first heap   total 262144K, used 115159K [0x00000000e0000000, 0x0000000100000000)
  region size 1024K, 105 young (107520K), 4 survivors (4096K)
 Metaspace       used 21297K, committed 21504K, reserved 237568K
  class space    used 3163K, committed 3264K, reserved 212992K
}
Event: 3.493 GC heap after
{Heap after GC invocations=3 (full 0):
 garbage-first heap   total 262144K, used 20737K [0x00000000e0000000, 0x0000000100000000)
  region size 1024K, 12 young (12288K), 12 survivors (12288K)
 Metaspace       used 21297K, committed 21504K, reserved 237568K
  class space    used 3163K, committed 3264K, reserved 212992K
}
Event: 5.399 GC heap before
{Heap before GC invocations=4 (full 0):
 garbage-first heap   total 262144K, used 135425K [0x00000000e0000000, 0x0000000100000000)
  region size 1024K, 122 young (124928K), 12 survivors (12288K)
 Metaspace       used 35761K, committed 36160K, reserved 245760K
  class space    used 4856K, committed 5056K, reserved 212992K
}
Event: 5.413 GC heap after
{Heap after GC invocations=5 (full 0):
 garbage-first heap   total 262144K, used 30266K [0x00000000e0000000, 0x0000000100000000)
  region size 1024K, 16 young (16384K), 16 survivors (16384K)
 Metaspace       used 35761K, committed 36160K, reserved 245760K
  class space    used 4856K, committed 5056K, reserved 212992K
}
Event: 8.053 GC heap before
{Heap before GC invocations=6 (full 0):
 garbage-first heap   total 262144K, used 169530K [0x00000000e0000000, 0x0000000100000000)
  region size 1024K, 153 young (156672K), 16 survivors (16384K)
 Metaspace       used 51146K, committed 51712K, reserved 262144K
  class space    used 7147K, committed 7424K, reserved 212992K
}
Event: 8.088 GC heap after
{Heap after GC invocations=7 (full 0):
 garbage-first heap   total 262144K, used 40988K [0x00000000e0000000, 0x0000000100000000)
  region size 1024K, 20 young (20480K), 20 survivors (20480K)
 Metaspace       used 51146K, committed 51712K, reserved 262144K
  class space    used 7147K, committed 7424K, reserved 212992K
}
Event: 9.763 GC heap before
{Heap before GC invocations=7 (full 0):
 garbage-first heap   total 262144K, used 177180K [0x00000000e0000000, 0x0000000100000000)
  region size 1024K, 153 young (156672K), 20 survivors (20480K)
 Metaspace       used 56636K, committed 57280K, reserved 270336K
  class space    used 7879K, committed 8192K, reserved 212992K
}
Event: 9.781 GC heap after
{Heap after GC invocations=8 (full 0):
 garbage-first heap   total 262144K, used 50155K [0x00000000e0000000, 0x0000000100000000)
  region size 1024K, 20 young (20480K), 20 survivors (20480K)
 Metaspace       used 56636K, committed 57280K, reserved 270336K
  class space    used 7879K, committed 8192K, reserved 212992K
}
Event: 10.118 GC heap before
{Heap before GC invocations=8 (full 0):
 garbage-first heap   total 262144K, used 83947K [0x00000000e0000000, 0x0000000100000000)
  region size 1024K, 54 young (55296K), 20 survivors (20480K)
 Metaspace       used 59801K, committed 60416K, reserved 270336K
  class space    used 8328K, committed 8640K, reserved 212992K
}
Event: 10.135 GC heap after
{Heap after GC invocations=9 (full 0):
 garbage-first heap   total 262144K, used 53589K [0x00000000e0000000, 0x0000000100000000)
  region size 1024K, 14 young (14336K), 14 survivors (14336K)
 Metaspace       used 59801K, committed 60416K, reserved 270336K
  class space    used 8328K, committed 8640K, reserved 212992K
}

