# JRE version: OpenJDK Runtime Environment Corretto-17.0.5.8.1 (17.0.5+8) (build 17.0.5+8-LTS)
# Java VM: OpenJDK 64-Bit Server VM Corretto-17.0.5.8.1 (17.0.5+8-LTS, mixed mode, sharing, tiered, compressed oops, compressed class ptrs, g1 gc, windows-amd64)
GC Precious Log:
 CPUs: 12 total, 12 available
 Memory: 15823M
 Large Page Support: Disabled
 NUMA Support: Disabled
 Compressed Oops: Enabled (32-bit)
 Heap Region Size: 1M
 Heap Min Capacity: 256M
 Heap Initial Capacity: 256M
 Heap Max Capacity: 512M
 Pre-touch: Disabled
 Parallel Workers: 10
 Concurrent Workers: 3
 Concurrent Refinement Workers: 10
 Periodic GC: Disabled
Heap:
 garbage-first heap   total 262144K, used 164670K [0x00000000e0000000, 0x0000000100000000)
  region size 1024K, 125 young (128000K), 2 survivors (2048K)
 Metaspace       used 56770K, committed 57408K, reserved 270336K
  class space    used 7894K, committed 8192K, reserved 212992K
GC Heap History (16 events):
Event: 0.826 GC heap before
{Heap before GC invocations=0 (full 0):
 garbage-first heap   total 262144K, used 28672K [0x00000000e0000000, 0x0000000100000000)
  region size 1024K, 23 young (23552K), 0 survivors (0K)
 Metaspace       used 2980K, committed 3136K, reserved 221184K
  class space    used 379K, committed 448K, reserved 212992K
}
Event: 0.830 GC heap after
{Heap after GC invocations=1 (full 0):
 garbage-first heap   total 262144K, used 9469K [0x00000000e0000000, 0x0000000100000000)
  region size 1024K, 3 young (3072K), 3 survivors (3072K)
 Metaspace       used 2980K, committed 3136K, reserved 221184K
  class space    used 379K, committed 448K, reserved 212992K
}
Event: 1.188 GC heap before
{Heap before GC invocations=1 (full 0):
 garbage-first heap   total 262144K, used 39165K [0x00000000e0000000, 0x0000000100000000)
  region size 1024K, 31 young (31744K), 3 survivors (3072K)
 Metaspace       used 3937K, committed 4096K, reserved 221184K
  class space    used 476K, committed 576K, reserved 212992K
}
Event: 1.192 GC heap after
{Heap after GC invocations=2 (full 0):
 garbage-first heap   total 262144K, used 13355K [0x00000000e0000000, 0x0000000100000000)
  region size 1024K, 4 young (4096K), 4 survivors (4096K)
 Metaspace       used 3937K, committed 4096K, reserved 221184K
  class space    used 476K, committed 576K, reserved 212992K
}
Event: 3.816 GC heap before
{Heap before GC invocations=2 (full 0):
 garbage-first heap   total 262144K, used 115755K [0x00000000e0000000, 0x0000000100000000)
  region size 1024K, 105 young (107520K), 4 survivors (4096K)
 Metaspace       used 21293K, committed 21504K, reserved 237568K
  class space    used 3165K, committed 3264K, reserved 212992K
}
Event: 3.844 GC heap after
{Heap after GC invocations=3 (full 0):
 garbage-first heap   total 262144K, used 21169K [0x00000000e0000000, 0x0000000100000000)
  region size 1024K, 12 young (12288K), 12 survivors (12288K)
 Metaspace       used 21293K, committed 21504K, reserved 237568K
  class space    used 3165K, committed 3264K, reserved 212992K
}
Event: 5.800 GC heap before
{Heap before GC invocations=4 (full 0):
 garbage-first heap   total 262144K, used 134833K [0x00000000e0000000, 0x0000000100000000)
  region size 1024K, 121 young (123904K), 12 survivors (12288K)
 Metaspace       used 35777K, committed 36160K, reserved 245760K
  class space    used 4863K, committed 5056K, reserved 212992K
}
Event: 5.812 GC heap after
{Heap after GC invocations=5 (full 0):
 garbage-first heap   total 262144K, used 30405K [0x00000000e0000000, 0x0000000100000000)
  region size 1024K, 16 young (16384K), 16 survivors (16384K)
 Metaspace       used 35777K, committed 36160K, reserved 245760K
  class space    used 4863K, committed 5056K, reserved 212992K
}
Event: 5.839 GC heap before
{Heap before GC invocations=5 (full 0):
 garbage-first heap   total 262144K, used 31429K [0x00000000e0000000, 0x0000000100000000)
  region size 1024K, 17 young (17408K), 16 survivors (16384K)
 Metaspace       used 35926K, committed 36416K, reserved 245760K
  class space    used 4887K, committed 5120K, reserved 212992K
}
Event: 5.848 GC heap after
{Heap after GC invocations=6 (full 0):
 garbage-first heap   total 262144K, used 32457K [0x00000000e0000000, 0x0000000100000000)
  region size 1024K, 3 young (3072K), 3 survivors (3072K)
 Metaspace       used 35926K, committed 36416K, reserved 245760K
  class space    used 4887K, committed 5120K, reserved 212992K
}
Event: 5.871 GC heap before
{Heap before GC invocations=6 (full 0):
 garbage-first heap   total 262144K, used 33481K [0x00000000e0000000, 0x0000000100000000)
  region size 1024K, 5 young (5120K), 3 survivors (3072K)
 Metaspace       used 36076K, committed 36480K, reserved 245760K
  class space    used 4922K, committed 5120K, reserved 212992K
}
Event: 5.872 GC heap after
{Heap after GC invocations=7 (full 0):
 garbage-first heap   total 262144K, used 30548K [0x00000000e0000000, 0x0000000100000000)
  region size 1024K, 1 young (1024K), 1 survivors (1024K)
 Metaspace       used 36076K, committed 36480K, reserved 245760K
  class space    used 4922K, committed 5120K, reserved 212992K
}
Event: 8.471 GC heap before
{Heap before GC invocations=8 (full 0):
 garbage-first heap   total 262144K, used 186196K [0x00000000e0000000, 0x0000000100000000)
  region size 1024K, 153 young (156672K), 1 survivors (1024K)
 Metaspace       used 52219K, committed 52736K, reserved 262144K
  class space    used 7337K, committed 7616K, reserved 212992K
}
Event: 8.485 GC heap after
{Heap after GC invocations=9 (full 0):
 garbage-first heap   total 262144K, used 40108K [0x00000000e0000000, 0x0000000100000000)
  region size 1024K, 10 young (10240K), 10 survivors (10240K)
 Metaspace       used 52219K, committed 52736K, reserved 262144K
  class space    used 7337K, committed 7616K, reserved 212992K
}
Event: 8.517 GC heap before
{Heap before GC invocations=9 (full 0):
 garbage-first heap   total 262144K, used 42156K [0x00000000e0000000, 0x0000000100000000)
  region size 1024K, 12 young (12288K), 10 survivors (10240K)
 Metaspace       used 52357K, committed 52928K, reserved 262144K
  class space    used 7360K, committed 7680K, reserved 212992K
}
Event: 8.531 GC heap after
{Heap after GC invocations=10 (full 0):
 garbage-first heap   total 262144K, used 40766K [0x00000000e0000000, 0x0000000100000000)
  region size 1024K, 2 young (2048K), 2 survivors (2048K)
 Metaspace       used 52357K, committed 52928K, reserved 262144K
  class space    used 7360K, committed 7680K, reserved 212992K
}

